0 info it worked if it ends with ok
1 verbose cli [ '/usr/local/bin/node', '/usr/local/bin/npm', 'init' ]
2 info using npm@3.10.3
3 info using node@v6.7.0
4 silly package data undefined
5 info init written successfully
6 verbose stack Error: Cannot find module 'spdx'
6 verbose stack     at Function.Module._resolveFilename (module.js:455:15)
6 verbose stack     at Function.Module._load (module.js:403:25)
6 verbose stack     at Module.require (module.js:483:17)
6 verbose stack     at require (internal/module.js:20:19)
6 verbose stack     at Object.<anonymous> (/usr/local/lib/node_modules/npm/node_modules/init-package-json/node_modules/validate-npm-package-license/index.js:1:74)
6 verbose stack     at Module._compile (module.js:556:32)
6 verbose stack     at Object.Module._extensions..js (module.js:565:10)
6 verbose stack     at Module.load (module.js:473:32)
6 verbose stack     at tryModuleLoad (module.js:432:12)
6 verbose stack     at Function.Module._load (module.js:424:3)
7 verbose cwd /Users/eibayan/Sites/dtf-genesis
8 error Darwin 14.5.0
9 error argv "/usr/local/bin/node" "/usr/local/bin/npm" "init"
10 error node v6.7.0
11 error npm  v3.10.3
12 error code MODULE_NOT_FOUND
13 error Cannot find module 'spdx'
14 error If you need help, you may report this error at:
14 error     <https://github.com/npm/npm/issues>
15 verbose exit [ 1, true ]
